[------------- Sending Request to Server ------------

<configEstimateImpact
cookie="1572041350/a19f08f5-59cf-45a0-9a59-e4457a96317e">
    <inConfigs>
<pair key="org-root/org-PythonMaster">
    <orgOrg
    name="PythonMaster"
    dn="org-root/org-PythonMaster"
    
    status="created"
    
    sacl="addchild,del,mod">
    </orgOrg>
</pair>
    </inConfigs>
</configEstimateImpact>

<configConfMos
cookie="1572041350/a19f08f5-59cf-45a0-9a59-e4457a96317e"
inHierarchical="false">
    <inConfigs>
<pair key="org-root/org-PythonMaster">
    <orgOrg
    name="PythonMaster"
    dn="org-root/org-PythonMaster"
    
    status="created"
    
    sacl="addchild,del,mod">
    </orgOrg>
</pair>
    </inConfigs>
</configConfMos>
-----------------------------------------------------]